<?xml version="1.0" encoding="UTF-8"?>
<testsuite xmlns:xsi="http://www.w3.org/2001/XMLSchema-instance" xsi:noNamespaceSchemaLocation="https://maven.apache.org/surefire/maven-surefire-plugin/xsd/surefire-test-report-3.0.xsd" version="3.0" name="com.cqupt.VirtualSimulationTeachingSystemApplicationTests" time="5.578" tests="1" errors="0" skipped="0" failures="0">
  <properties>
    <property name="java.specification.version" value="17"/>
    <property name="sun.cpu.isalist" value="amd64"/>
    <property name="sun.jnu.encoding" value="GBK"/>
    <property name="java.class.path" value="D:\code\VirtualSimulationTeachingSystem - copy\target\test-classes;D:\code\VirtualSimulationTeachingSystem - copy\target\classes;D:\MAVEN\mvn_repo\org\springframework\boot\spring-boot-starter-web\3.1.2\spring-boot-starter-web-3.1.2.jar;D:\MAVEN\mvn_repo\org\springframework\boot\spring-boot-starter\3.1.2\spring-boot-starter-3.1.2.jar;D:\MAVEN\mvn_repo\org\springframework\boot\spring-boot\3.1.2\spring-boot-3.1.2.jar;D:\MAVEN\mvn_repo\org\springframework\boot\spring-boot-autoconfigure\3.1.2\spring-boot-autoconfigure-3.1.2.jar;D:\MAVEN\mvn_repo\org\springframework\boot\spring-boot-starter-logging\3.1.2\spring-boot-starter-logging-3.1.2.jar;D:\MAVEN\mvn_repo\ch\qos\logback\logback-classic\1.4.8\logback-classic-1.4.8.jar;D:\MAVEN\mvn_repo\ch\qos\logback\logback-core\1.4.8\logback-core-1.4.8.jar;D:\MAVEN\mvn_repo\org\apache\logging\log4j\log4j-to-slf4j\2.20.0\log4j-to-slf4j-2.20.0.jar;D:\MAVEN\mvn_repo\org\apache\logging\log4j\log4j-api\2.20.0\log4j-api-2.20.0.jar;D:\MAVEN\mvn_repo\org\slf4j\jul-to-slf4j\2.0.7\jul-to-slf4j-2.0.7.jar;D:\MAVEN\mvn_repo\jakarta\annotation\jakarta.annotation-api\2.1.1\jakarta.annotation-api-2.1.1.jar;D:\MAVEN\mvn_repo\org\yaml\snakeyaml\1.33\snakeyaml-1.33.jar;D:\MAVEN\mvn_repo\org\springframework\boot\spring-boot-starter-json\3.1.2\spring-boot-starter-json-3.1.2.jar;D:\MAVEN\mvn_repo\com\fasterxml\jackson\datatype\jackson-datatype-jdk8\2.15.2\jackson-datatype-jdk8-2.15.2.jar;D:\MAVEN\mvn_repo\com\fasterxml\jackson\datatype\jackson-datatype-jsr310\2.15.2\jackson-datatype-jsr310-2.15.2.jar;D:\MAVEN\mvn_repo\com\fasterxml\jackson\module\jackson-module-parameter-names\2.15.2\jackson-module-parameter-names-2.15.2.jar;D:\MAVEN\mvn_repo\org\springframework\boot\spring-boot-starter-tomcat\3.1.2\spring-boot-starter-tomcat-3.1.2.jar;D:\MAVEN\mvn_repo\org\apache\tomcat\embed\tomcat-embed-core\10.1.11\tomcat-embed-core-10.1.11.jar;D:\MAVEN\mvn_repo\org\apache\tomcat\embed\tomcat-embed-el\10.1.11\tomcat-embed-el-10.1.11.jar;D:\MAVEN\mvn_repo\org\apache\tomcat\embed\tomcat-embed-websocket\10.1.11\tomcat-embed-websocket-10.1.11.jar;D:\MAVEN\mvn_repo\org\springframework\spring-web\6.0.11\spring-web-6.0.11.jar;D:\MAVEN\mvn_repo\org\springframework\spring-beans\6.0.11\spring-beans-6.0.11.jar;D:\MAVEN\mvn_repo\io\micrometer\micrometer-observation\1.11.2\micrometer-observation-1.11.2.jar;D:\MAVEN\mvn_repo\io\micrometer\micrometer-commons\1.11.2\micrometer-commons-1.11.2.jar;D:\MAVEN\mvn_repo\org\springframework\spring-webmvc\6.0.11\spring-webmvc-6.0.11.jar;D:\MAVEN\mvn_repo\org\springframework\spring-aop\6.0.11\spring-aop-6.0.11.jar;D:\MAVEN\mvn_repo\org\springframework\spring-context\6.0.11\spring-context-6.0.11.jar;D:\MAVEN\mvn_repo\org\springframework\spring-expression\6.0.11\spring-expression-6.0.11.jar;D:\MAVEN\mvn_repo\org\mybatis\spring\boot\mybatis-spring-boot-starter\3.0.2\mybatis-spring-boot-starter-3.0.2.jar;D:\MAVEN\mvn_repo\org\springframework\boot\spring-boot-starter-jdbc\3.1.2\spring-boot-starter-jdbc-3.1.2.jar;D:\MAVEN\mvn_repo\com\zaxxer\HikariCP\5.0.1\HikariCP-5.0.1.jar;D:\MAVEN\mvn_repo\org\springframework\spring-jdbc\6.0.11\spring-jdbc-6.0.11.jar;D:\MAVEN\mvn_repo\org\mybatis\spring\boot\mybatis-spring-boot-autoconfigure\3.0.2\mybatis-spring-boot-autoconfigure-3.0.2.jar;D:\MAVEN\mvn_repo\org\mybatis\mybatis\3.5.13\mybatis-3.5.13.jar;D:\MAVEN\mvn_repo\org\mybatis\mybatis-spring\3.0.2\mybatis-spring-3.0.2.jar;D:\MAVEN\mvn_repo\com\mysql\mysql-connector-j\8.0.33\mysql-connector-j-8.0.33.jar;D:\MAVEN\mvn_repo\org\projectlombok\lombok\1.18.28\lombok-1.18.28.jar;D:\MAVEN\mvn_repo\org\springframework\boot\spring-boot-starter-test\3.1.2\spring-boot-starter-test-3.1.2.jar;D:\MAVEN\mvn_repo\org\springframework\boot\spring-boot-test\3.1.2\spring-boot-test-3.1.2.jar;D:\MAVEN\mvn_repo\org\springframework\boot\spring-boot-test-autoconfigure\3.1.2\spring-boot-test-autoconfigure-3.1.2.jar;D:\MAVEN\mvn_repo\com\jayway\jsonpath\json-path\2.8.0\json-path-2.8.0.jar;D:\MAVEN\mvn_repo\org\slf4j\slf4j-api\2.0.7\slf4j-api-2.0.7.jar;D:\MAVEN\mvn_repo\jakarta\xml\bind\jakarta.xml.bind-api\4.0.0\jakarta.xml.bind-api-4.0.0.jar;D:\MAVEN\mvn_repo\jakarta\activation\jakarta.activation-api\2.1.2\jakarta.activation-api-2.1.2.jar;D:\MAVEN\mvn_repo\net\minidev\json-smart\2.4.11\json-smart-2.4.11.jar;D:\MAVEN\mvn_repo\net\minidev\accessors-smart\2.4.11\accessors-smart-2.4.11.jar;D:\MAVEN\mvn_repo\org\ow2\asm\asm\9.3\asm-9.3.jar;D:\MAVEN\mvn_repo\org\assertj\assertj-core\3.24.2\assertj-core-3.24.2.jar;D:\MAVEN\mvn_repo\net\bytebuddy\byte-buddy\1.14.5\byte-buddy-1.14.5.jar;D:\MAVEN\mvn_repo\org\hamcrest\hamcrest\2.2\hamcrest-2.2.jar;D:\MAVEN\mvn_repo\org\junit\jupiter\junit-jupiter\5.9.3\junit-jupiter-5.9.3.jar;D:\MAVEN\mvn_repo\org\junit\jupiter\junit-jupiter-api\5.9.3\junit-jupiter-api-5.9.3.jar;D:\MAVEN\mvn_repo\org\opentest4j\opentest4j\1.2.0\opentest4j-1.2.0.jar;D:\MAVEN\mvn_repo\org\junit\platform\junit-platform-commons\1.9.3\junit-platform-commons-1.9.3.jar;D:\MAVEN\mvn_repo\org\apiguardian\apiguardian-api\1.1.2\apiguardian-api-1.1.2.jar;D:\MAVEN\mvn_repo\org\junit\jupiter\junit-jupiter-params\5.9.3\junit-jupiter-params-5.9.3.jar;D:\MAVEN\mvn_repo\org\junit\jupiter\junit-jupiter-engine\5.9.3\junit-jupiter-engine-5.9.3.jar;D:\MAVEN\mvn_repo\org\junit\platform\junit-platform-engine\1.9.3\junit-platform-engine-1.9.3.jar;D:\MAVEN\mvn_repo\org\mockito\mockito-core\5.3.1\mockito-core-5.3.1.jar;D:\MAVEN\mvn_repo\net\bytebuddy\byte-buddy-agent\1.14.5\byte-buddy-agent-1.14.5.jar;D:\MAVEN\mvn_repo\org\objenesis\objenesis\3.3\objenesis-3.3.jar;D:\MAVEN\mvn_repo\org\mockito\mockito-junit-jupiter\5.3.1\mockito-junit-jupiter-5.3.1.jar;D:\MAVEN\mvn_repo\org\skyscreamer\jsonassert\1.5.1\jsonassert-1.5.1.jar;D:\MAVEN\mvn_repo\com\vaadin\external\google\android-json\0.0.20131108.vaadin1\android-json-0.0.20131108.vaadin1.jar;D:\MAVEN\mvn_repo\org\springframework\spring-core\6.0.11\spring-core-6.0.11.jar;D:\MAVEN\mvn_repo\org\springframework\spring-jcl\6.0.11\spring-jcl-6.0.11.jar;D:\MAVEN\mvn_repo\org\springframework\spring-test\6.0.11\spring-test-6.0.11.jar;D:\MAVEN\mvn_repo\org\xmlunit\xmlunit-core\2.9.1\xmlunit-core-2.9.1.jar;D:\MAVEN\mvn_repo\org\mybatis\spring\boot\mybatis-spring-boot-starter-test\3.0.2\mybatis-spring-boot-starter-test-3.0.2.jar;D:\MAVEN\mvn_repo\org\mybatis\spring\boot\mybatis-spring-boot-test-autoconfigure\3.0.2\mybatis-spring-boot-test-autoconfigure-3.0.2.jar;D:\MAVEN\mvn_repo\org\springframework\spring-tx\6.0.11\spring-tx-6.0.11.jar;D:\MAVEN\mvn_repo\com\github\pagehelper\pagehelper-spring-boot-starter\1.4.6\pagehelper-spring-boot-starter-1.4.6.jar;D:\MAVEN\mvn_repo\com\github\pagehelper\pagehelper-spring-boot-autoconfigure\1.4.6\pagehelper-spring-boot-autoconfigure-1.4.6.jar;D:\MAVEN\mvn_repo\com\github\pagehelper\pagehelper\5.3.2\pagehelper-5.3.2.jar;D:\MAVEN\mvn_repo\com\github\jsqlparser\jsqlparser\4.5\jsqlparser-4.5.jar;D:\MAVEN\mvn_repo\io\jsonwebtoken\jjwt\0.9.1\jjwt-0.9.1.jar;D:\MAVEN\mvn_repo\com\fasterxml\jackson\core\jackson-databind\2.15.2\jackson-databind-2.15.2.jar;D:\MAVEN\mvn_repo\com\fasterxml\jackson\core\jackson-annotations\2.15.2\jackson-annotations-2.15.2.jar;D:\MAVEN\mvn_repo\com\fasterxml\jackson\core\jackson-core\2.15.2\jackson-core-2.15.2.jar;D:\MAVEN\mvn_repo\javax\xml\bind\jaxb-api\2.3.0\jaxb-api-2.3.0.jar;D:\MAVEN\mvn_repo\com\alibaba\fastjson\2.0.32\fastjson-2.0.32.jar;D:\MAVEN\mvn_repo\com\alibaba\fastjson2\fastjson2-extension\2.0.32\fastjson2-extension-2.0.32.jar;D:\MAVEN\mvn_repo\com\alibaba\fastjson2\fastjson2\2.0.32\fastjson2-2.0.32.jar;"/>
    <property name="java.vm.vendor" value="Oracle Corporation"/>
    <property name="sun.arch.data.model" value="64"/>
    <property name="user.variant" value=""/>
    <property name="java.vendor.url" value="https://java.oracle.com/"/>
    <property name="user.timezone" value="Asia/Shanghai"/>
    <property name="os.name" value="Windows 10"/>
    <property name="java.vm.specification.version" value="17"/>
    <property name="sun.java.launcher" value="SUN_STANDARD"/>
    <property name="user.country" value="CN"/>
    <property name="sun.boot.library.path" value="D:\JDK\bin"/>
    <property name="sun.java.command" value="C:\Users\Administrator\AppData\Local\Temp\surefire8743677965909444814\surefirebooter-20230806093317343_3.jar C:\Users\Administrator\AppData\Local\Temp\surefire8743677965909444814 2023-08-06T09-33-17_185-jvmRun1 surefire-20230806093317343_1tmp surefire_0-20230806093317343_2tmp"/>
    <property name="jdk.debug" value="release"/>
    <property name="surefire.test.class.path" value="D:\code\VirtualSimulationTeachingSystem - copy\target\test-classes;D:\code\VirtualSimulationTeachingSystem - copy\target\classes;D:\MAVEN\mvn_repo\org\springframework\boot\spring-boot-starter-web\3.1.2\spring-boot-starter-web-3.1.2.jar;D:\MAVEN\mvn_repo\org\springframework\boot\spring-boot-starter\3.1.2\spring-boot-starter-3.1.2.jar;D:\MAVEN\mvn_repo\org\springframework\boot\spring-boot\3.1.2\spring-boot-3.1.2.jar;D:\MAVEN\mvn_repo\org\springframework\boot\spring-boot-autoconfigure\3.1.2\spring-boot-autoconfigure-3.1.2.jar;D:\MAVEN\mvn_repo\org\springframework\boot\spring-boot-starter-logging\3.1.2\spring-boot-starter-logging-3.1.2.jar;D:\MAVEN\mvn_repo\ch\qos\logback\logback-classic\1.4.8\logback-classic-1.4.8.jar;D:\MAVEN\mvn_repo\ch\qos\logback\logback-core\1.4.8\logback-core-1.4.8.jar;D:\MAVEN\mvn_repo\org\apache\logging\log4j\log4j-to-slf4j\2.20.0\log4j-to-slf4j-2.20.0.jar;D:\MAVEN\mvn_repo\org\apache\logging\log4j\log4j-api\2.20.0\log4j-api-2.20.0.jar;D:\MAVEN\mvn_repo\org\slf4j\jul-to-slf4j\2.0.7\jul-to-slf4j-2.0.7.jar;D:\MAVEN\mvn_repo\jakarta\annotation\jakarta.annotation-api\2.1.1\jakarta.annotation-api-2.1.1.jar;D:\MAVEN\mvn_repo\org\yaml\snakeyaml\1.33\snakeyaml-1.33.jar;D:\MAVEN\mvn_repo\org\springframework\boot\spring-boot-starter-json\3.1.2\spring-boot-starter-json-3.1.2.jar;D:\MAVEN\mvn_repo\com\fasterxml\jackson\datatype\jackson-datatype-jdk8\2.15.2\jackson-datatype-jdk8-2.15.2.jar;D:\MAVEN\mvn_repo\com\fasterxml\jackson\datatype\jackson-datatype-jsr310\2.15.2\jackson-datatype-jsr310-2.15.2.jar;D:\MAVEN\mvn_repo\com\fasterxml\jackson\module\jackson-module-parameter-names\2.15.2\jackson-module-parameter-names-2.15.2.jar;D:\MAVEN\mvn_repo\org\springframework\boot\spring-boot-starter-tomcat\3.1.2\spring-boot-starter-tomcat-3.1.2.jar;D:\MAVEN\mvn_repo\org\apache\tomcat\embed\tomcat-embed-core\10.1.11\tomcat-embed-core-10.1.11.jar;D:\MAVEN\mvn_repo\org\apache\tomcat\embed\tomcat-embed-el\10.1.11\tomcat-embed-el-10.1.11.jar;D:\MAVEN\mvn_repo\org\apache\tomcat\embed\tomcat-embed-websocket\10.1.11\tomcat-embed-websocket-10.1.11.jar;D:\MAVEN\mvn_repo\org\springframework\spring-web\6.0.11\spring-web-6.0.11.jar;D:\MAVEN\mvn_repo\org\springframework\spring-beans\6.0.11\spring-beans-6.0.11.jar;D:\MAVEN\mvn_repo\io\micrometer\micrometer-observation\1.11.2\micrometer-observation-1.11.2.jar;D:\MAVEN\mvn_repo\io\micrometer\micrometer-commons\1.11.2\micrometer-commons-1.11.2.jar;D:\MAVEN\mvn_repo\org\springframework\spring-webmvc\6.0.11\spring-webmvc-6.0.11.jar;D:\MAVEN\mvn_repo\org\springframework\spring-aop\6.0.11\spring-aop-6.0.11.jar;D:\MAVEN\mvn_repo\org\springframework\spring-context\6.0.11\spring-context-6.0.11.jar;D:\MAVEN\mvn_repo\org\springframework\spring-expression\6.0.11\spring-expression-6.0.11.jar;D:\MAVEN\mvn_repo\org\mybatis\spring\boot\mybatis-spring-boot-starter\3.0.2\mybatis-spring-boot-starter-3.0.2.jar;D:\MAVEN\mvn_repo\org\springframework\boot\spring-boot-starter-jdbc\3.1.2\spring-boot-starter-jdbc-3.1.2.jar;D:\MAVEN\mvn_repo\com\zaxxer\HikariCP\5.0.1\HikariCP-5.0.1.jar;D:\MAVEN\mvn_repo\org\springframework\spring-jdbc\6.0.11\spring-jdbc-6.0.11.jar;D:\MAVEN\mvn_repo\org\mybatis\spring\boot\mybatis-spring-boot-autoconfigure\3.0.2\mybatis-spring-boot-autoconfigure-3.0.2.jar;D:\MAVEN\mvn_repo\org\mybatis\mybatis\3.5.13\mybatis-3.5.13.jar;D:\MAVEN\mvn_repo\org\mybatis\mybatis-spring\3.0.2\mybatis-spring-3.0.2.jar;D:\MAVEN\mvn_repo\com\mysql\mysql-connector-j\8.0.33\mysql-connector-j-8.0.33.jar;D:\MAVEN\mvn_repo\org\projectlombok\lombok\1.18.28\lombok-1.18.28.jar;D:\MAVEN\mvn_repo\org\springframework\boot\spring-boot-starter-test\3.1.2\spring-boot-starter-test-3.1.2.jar;D:\MAVEN\mvn_repo\org\springframework\boot\spring-boot-test\3.1.2\spring-boot-test-3.1.2.jar;D:\MAVEN\mvn_repo\org\springframework\boot\spring-boot-test-autoconfigure\3.1.2\spring-boot-test-autoconfigure-3.1.2.jar;D:\MAVEN\mvn_repo\com\jayway\jsonpath\json-path\2.8.0\json-path-2.8.0.jar;D:\MAVEN\mvn_repo\org\slf4j\slf4j-api\2.0.7\slf4j-api-2.0.7.jar;D:\MAVEN\mvn_repo\jakarta\xml\bind\jakarta.xml.bind-api\4.0.0\jakarta.xml.bind-api-4.0.0.jar;D:\MAVEN\mvn_repo\jakarta\activation\jakarta.activation-api\2.1.2\jakarta.activation-api-2.1.2.jar;D:\MAVEN\mvn_repo\net\minidev\json-smart\2.4.11\json-smart-2.4.11.jar;D:\MAVEN\mvn_repo\net\minidev\accessors-smart\2.4.11\accessors-smart-2.4.11.jar;D:\MAVEN\mvn_repo\org\ow2\asm\asm\9.3\asm-9.3.jar;D:\MAVEN\mvn_repo\org\assertj\assertj-core\3.24.2\assertj-core-3.24.2.jar;D:\MAVEN\mvn_repo\net\bytebuddy\byte-buddy\1.14.5\byte-buddy-1.14.5.jar;D:\MAVEN\mvn_repo\org\hamcrest\hamcrest\2.2\hamcrest-2.2.jar;D:\MAVEN\mvn_repo\org\junit\jupiter\junit-jupiter\5.9.3\junit-jupiter-5.9.3.jar;D:\MAVEN\mvn_repo\org\junit\jupiter\junit-jupiter-api\5.9.3\junit-jupiter-api-5.9.3.jar;D:\MAVEN\mvn_repo\org\opentest4j\opentest4j\1.2.0\opentest4j-1.2.0.jar;D:\MAVEN\mvn_repo\org\junit\platform\junit-platform-commons\1.9.3\junit-platform-commons-1.9.3.jar;D:\MAVEN\mvn_repo\org\apiguardian\apiguardian-api\1.1.2\apiguardian-api-1.1.2.jar;D:\MAVEN\mvn_repo\org\junit\jupiter\junit-jupiter-params\5.9.3\junit-jupiter-params-5.9.3.jar;D:\MAVEN\mvn_repo\org\junit\jupiter\junit-jupiter-engine\5.9.3\junit-jupiter-engine-5.9.3.jar;D:\MAVEN\mvn_repo\org\junit\platform\junit-platform-engine\1.9.3\junit-platform-engine-1.9.3.jar;D:\MAVEN\mvn_repo\org\mockito\mockito-core\5.3.1\mockito-core-5.3.1.jar;D:\MAVEN\mvn_repo\net\bytebuddy\byte-buddy-agent\1.14.5\byte-buddy-agent-1.14.5.jar;D:\MAVEN\mvn_repo\org\objenesis\objenesis\3.3\objenesis-3.3.jar;D:\MAVEN\mvn_repo\org\mockito\mockito-junit-jupiter\5.3.1\mockito-junit-jupiter-5.3.1.jar;D:\MAVEN\mvn_repo\org\skyscreamer\jsonassert\1.5.1\jsonassert-1.5.1.jar;D:\MAVEN\mvn_repo\com\vaadin\external\google\android-json\0.0.20131108.vaadin1\android-json-0.0.20131108.vaadin1.jar;D:\MAVEN\mvn_repo\org\springframework\spring-core\6.0.11\spring-core-6.0.11.jar;D:\MAVEN\mvn_repo\org\springframework\spring-jcl\6.0.11\spring-jcl-6.0.11.jar;D:\MAVEN\mvn_repo\org\springframework\spring-test\6.0.11\spring-test-6.0.11.jar;D:\MAVEN\mvn_repo\org\xmlunit\xmlunit-core\2.9.1\xmlunit-core-2.9.1.jar;D:\MAVEN\mvn_repo\org\mybatis\spring\boot\mybatis-spring-boot-starter-test\3.0.2\mybatis-spring-boot-starter-test-3.0.2.jar;D:\MAVEN\mvn_repo\org\mybatis\spring\boot\mybatis-spring-boot-test-autoconfigure\3.0.2\mybatis-spring-boot-test-autoconfigure-3.0.2.jar;D:\MAVEN\mvn_repo\org\springframework\spring-tx\6.0.11\spring-tx-6.0.11.jar;D:\MAVEN\mvn_repo\com\github\pagehelper\pagehelper-spring-boot-starter\1.4.6\pagehelper-spring-boot-starter-1.4.6.jar;D:\MAVEN\mvn_repo\com\github\pagehelper\pagehelper-spring-boot-autoconfigure\1.4.6\pagehelper-spring-boot-autoconfigure-1.4.6.jar;D:\MAVEN\mvn_repo\com\github\pagehelper\pagehelper\5.3.2\pagehelper-5.3.2.jar;D:\MAVEN\mvn_repo\com\github\jsqlparser\jsqlparser\4.5\jsqlparser-4.5.jar;D:\MAVEN\mvn_repo\io\jsonwebtoken\jjwt\0.9.1\jjwt-0.9.1.jar;D:\MAVEN\mvn_repo\com\fasterxml\jackson\core\jackson-databind\2.15.2\jackson-databind-2.15.2.jar;D:\MAVEN\mvn_repo\com\fasterxml\jackson\core\jackson-annotations\2.15.2\jackson-annotations-2.15.2.jar;D:\MAVEN\mvn_repo\com\fasterxml\jackson\core\jackson-core\2.15.2\jackson-core-2.15.2.jar;D:\MAVEN\mvn_repo\javax\xml\bind\jaxb-api\2.3.0\jaxb-api-2.3.0.jar;D:\MAVEN\mvn_repo\com\alibaba\fastjson\2.0.32\fastjson-2.0.32.jar;D:\MAVEN\mvn_repo\com\alibaba\fastjson2\fastjson2-extension\2.0.32\fastjson2-extension-2.0.32.jar;D:\MAVEN\mvn_repo\com\alibaba\fastjson2\fastjson2\2.0.32\fastjson2-2.0.32.jar;"/>
    <property name="sun.cpu.endian" value="little"/>
    <property name="user.home" value="C:\Users\Administrator"/>
    <property name="user.language" value="zh"/>
    <property name="java.specification.vendor" value="Oracle Corporation"/>
    <property name="java.version.date" value="2023-04-18"/>
    <property name="java.home" value="D:\JDK"/>
    <property name="file.separator" value="\"/>
    <property name="basedir" value="D:\code\VirtualSimulationTeachingSystem - copy"/>
    <property name="java.vm.compressedOopsMode" value="Zero based"/>
    <property name="line.separator" value="&#10;"/>
    <property name="java.vm.specification.vendor" value="Oracle Corporation"/>
    <property name="java.specification.name" value="Java Platform API Specification"/>
    <property name="FILE_LOG_CHARSET" value="GBK"/>
    <property name="java.awt.headless" value="true"/>
    <property name="surefire.real.class.path" value="C:\Users\Administrator\AppData\Local\Temp\surefire8743677965909444814\surefirebooter-20230806093317343_3.jar"/>
    <property name="user.script" value=""/>
    <property name="sun.management.compiler" value="HotSpot 64-Bit Tiered Compilers"/>
    <property name="java.runtime.version" value="17.0.7+8-LTS-224"/>
    <property name="user.name" value="Administrator"/>
    <property name="path.separator" value=";"/>
    <property name="os.version" value="10.0"/>
    <property name="java.runtime.name" value="Java(TM) SE Runtime Environment"/>
    <property name="file.encoding" value="GBK"/>
    <property name="java.vm.name" value="Java HotSpot(TM) 64-Bit Server VM"/>
    <property name="localRepository" value="D:\MAVEN\mvn_repo"/>
    <property name="java.vendor.url.bug" value="https://bugreport.java.com/bugreport/"/>
    <property name="java.io.tmpdir" value="C:\Users\ADMINI~1\AppData\Local\Temp\"/>
    <property name="idea.version" value="2021.2.2"/>
    <property name="java.version" value="17.0.7"/>
    <property name="user.dir" value="D:\code\VirtualSimulationTeachingSystem - copy"/>
    <property name="os.arch" value="amd64"/>
    <property name="java.vm.specification.name" value="Java Virtual Machine Specification"/>
    <property name="PID" value="8724"/>
    <property name="sun.os.patch.level" value=""/>
    <property name="CONSOLE_LOG_CHARSET" value="GBK"/>
    <property name="native.encoding" value="GBK"/>
    <property name="java.library.path" value="D:\JDK\bin;C:\Windows\Sun\Java\bin;C:\Windows\system32;C:\Windows;D:\JAVA gongju\data-mysql\bin;D:\JDK\bin;C:\Windows\system32;C:\Windows;C:\Windows\System32\Wbem;C:\Windows\System32\WindowsPowerShell\v1.0\;C:\Windows\System32\OpenSSH\;C:\Program Files\MySQL\MySQL Server 8.0\bin;D:\VS-code\Microsoft VS Code\bin;D:\MAVEN\bin;D:\NODE-JS\;D:\NODE-JS\node_global;D:\JDK\jre\bin;D:\JAVA_Web_application\mysql-8.0.33-winx64\bin;D:\JAVA_Web_application\mysql-8.0.33-winx64\bin;C:\Program Files\MySQL\MySQL Shell 8.0\bin\;C:\Users\Administrator\AppData\Roaming\npm;."/>
    <property name="java.vm.info" value="mixed mode, sharing"/>
    <property name="java.vendor" value="Oracle Corporation"/>
    <property name="java.vm.version" value="17.0.7+8-LTS-224"/>
    <property name="sun.io.unicode.encoding" value="UnicodeLittle"/>
    <property name="java.class.version" value="61.0"/>
  </properties>
  <testcase name="contextLoads" classname="com.cqupt.VirtualSimulationTeachingSystemApplicationTests" time="1.521">
    <system-out><![CDATA[09:33:18.505 [main] INFO org.springframework.test.context.support.AnnotationConfigContextLoaderUtils -- Could not detect default configuration classes for test class [com.cqupt.VirtualSimulationTeachingSystemApplicationTests]: VirtualSimulationTeachingSystemApplicationTests does not declare any static, non-private, non-final, nested classes annotated with @Configuration.
09:33:18.772 [main] INFO org.springframework.boot.test.context.SpringBootTestContextBootstrapper -- Found @SpringBootConfiguration com.cqupt.VirtualSimulationTeachingSystemApplication for test class com.cqupt.VirtualSimulationTeachingSystemApplicationTests

  .   ____          _            __ _ _
 /\\ / ___'_ __ _ _(_)_ __  __ _ \ \ \ \
( ( )\___ | '_ | '_| | '_ \/ _` | \ \ \ \
 \\/  ___)| |_)| | | | | || (_| |  ) ) ) )
  '  |____| .__|_| |_|_| |_\__, | / / / /
 =========|_|==============|___/=/_/_/_/
 :: Spring Boot ::                (v3.1.2)

2023-08-06T09:33:19.390+08:00  INFO 8724 --- [           main] SimulationTeachingSystemApplicationTests : Starting VirtualSimulationTeachingSystemApplicationTests using Java 17.0.7 with PID 8724 (started by Administrator in D:\code\VirtualSimulationTeachingSystem - copy)
2023-08-06T09:33:19.391+08:00  INFO 8724 --- [           main] SimulationTeachingSystemApplicationTests : No active profile set, falling back to 1 default profile: "default"
Logging initialized using 'class org.apache.ibatis.logging.stdout.StdOutImpl' adapter.


,------.                           ,--.  ,--.         ,--.                         
|  .--. '  ,--,--.  ,---.   ,---.  |  '--'  |  ,---.  |  |  ,---.   ,---.  ,--.--. 
|  '--' | ' ,-.  | | .-. | | .-. : |  .--.  | | .-. : |  | | .-. | | .-. : |  .--' 
|  | --'  \ '-'  | ' '-' ' \   --. |  |  |  | \   --. |  | | '-' ' \   --. |  |    
`--'       `--`--' .`-  /   `----' `--'  `--'  `----' `--' |  |-'   `----' `--'    
                   `---'                                   `--'                        is intercepting.

2023-08-06T09:33:22.169+08:00  INFO 8724 --- [           main] SimulationTeachingSystemApplicationTests : Started VirtualSimulationTeachingSystemApplicationTests in 3.146 seconds (process running for 4.733)
Sun Aug 06 09:33:23 CST 2023
]]></system-out>
  </testcase>
</testsuite>